[04-Nov-2018 15:55:32 Europe/Berlin] PHP Notice:  Undefined variable: reponse in /var/www/html/workspace/postgras/connexionjson.php on line 9
[04-Nov-2018 15:55:32 Europe/Berlin] PHP Fatal error:  Call to a member function prepare() on resource in /var/www/html/workspace/postgras/connexionjson.php on line 15
[04-Nov-2018 17:03:46 Europe/Berlin] PHP Notice:  Undefined variable: reponse in /var/www/html/workspace/postgras/connexionjson.php on line 9
[04-Nov-2018 17:03:46 Europe/Berlin] PHP Notice:  Undefined variable: dbh in /var/www/html/workspace/postgras/connexionjson.php on line 25
[04-Nov-2018 17:03:46 Europe/Berlin] PHP Fatal error:  Call to a member function prepare() on null in /var/www/html/workspace/postgras/connexionjson.php on line 25
[04-Nov-2018 17:05:10 Europe/Berlin] PHP Notice:  Undefined variable: reponse in /var/www/html/workspace/postgras/connexionjson.php on line 9
[04-Nov-2018 17:05:10 Europe/Berlin] PHP Notice:  Undefined variable: dbh in /var/www/html/workspace/postgras/connexionjson.php on line 25
[04-Nov-2018 17:05:10 Europe/Berlin] PHP Fatal error:  Call to a member function prepare() on null in /var/www/html/workspace/postgras/connexionjson.php on line 25
[04-Nov-2018 17:05:11 Europe/Berlin] PHP Notice:  Undefined variable: reponse in /var/www/html/workspace/postgras/connexionjson.php on line 9
[04-Nov-2018 17:05:11 Europe/Berlin] PHP Notice:  Undefined variable: dbh in /var/www/html/workspace/postgras/connexionjson.php on line 25
[04-Nov-2018 17:05:11 Europe/Berlin] PHP Fatal error:  Call to a member function prepare() on null in /var/www/html/workspace/postgras/connexionjson.php on line 25
[04-Nov-2018 17:05:11 Europe/Berlin] PHP Notice:  Undefined variable: reponse in /var/www/html/workspace/postgras/connexionjson.php on line 9
[04-Nov-2018 17:05:11 Europe/Berlin] PHP Notice:  Undefined variable: dbh in /var/www/html/workspace/postgras/connexionjson.php on line 25
[04-Nov-2018 17:05:11 Europe/Berlin] PHP Fatal error:  Call to a member function prepare() on null in /var/www/html/workspace/postgras/connexionjson.php on line 25
[04-Nov-2018 17:05:11 Europe/Berlin] PHP Notice:  Undefined variable: reponse in /var/www/html/workspace/postgras/connexionjson.php on line 9
[04-Nov-2018 17:05:11 Europe/Berlin] PHP Notice:  Undefined variable: dbh in /var/www/html/workspace/postgras/connexionjson.php on line 25
[04-Nov-2018 17:05:11 Europe/Berlin] PHP Fatal error:  Call to a member function prepare() on null in /var/www/html/workspace/postgras/connexionjson.php on line 25
[04-Nov-2018 17:05:11 Europe/Berlin] PHP Notice:  Undefined variable: reponse in /var/www/html/workspace/postgras/connexionjson.php on line 9
[04-Nov-2018 17:05:11 Europe/Berlin] PHP Notice:  Undefined variable: dbh in /var/www/html/workspace/postgras/connexionjson.php on line 25
[04-Nov-2018 17:05:11 Europe/Berlin] PHP Fatal error:  Call to a member function prepare() on null in /var/www/html/workspace/postgras/connexionjson.php on line 25
[04-Nov-2018 17:05:11 Europe/Berlin] PHP Notice:  Undefined variable: reponse in /var/www/html/workspace/postgras/connexionjson.php on line 9
[04-Nov-2018 17:05:11 Europe/Berlin] PHP Notice:  Undefined variable: dbh in /var/www/html/workspace/postgras/connexionjson.php on line 25
[04-Nov-2018 17:05:11 Europe/Berlin] PHP Fatal error:  Call to a member function prepare() on null in /var/www/html/workspace/postgras/connexionjson.php on line 25
[04-Nov-2018 17:05:11 Europe/Berlin] PHP Notice:  Undefined variable: reponse in /var/www/html/workspace/postgras/connexionjson.php on line 9
[04-Nov-2018 17:05:11 Europe/Berlin] PHP Notice:  Undefined variable: dbh in /var/www/html/workspace/postgras/connexionjson.php on line 25
[04-Nov-2018 17:05:11 Europe/Berlin] PHP Fatal error:  Call to a member function prepare() on null in /var/www/html/workspace/postgras/connexionjson.php on line 25
[04-Nov-2018 17:05:12 Europe/Berlin] PHP Notice:  Undefined variable: reponse in /var/www/html/workspace/postgras/connexionjson.php on line 9
[04-Nov-2018 17:05:12 Europe/Berlin] PHP Notice:  Undefined variable: dbh in /var/www/html/workspace/postgras/connexionjson.php on line 25
[04-Nov-2018 17:05:12 Europe/Berlin] PHP Fatal error:  Call to a member function prepare() on null in /var/www/html/workspace/postgras/connexionjson.php on line 25
[04-Nov-2018 17:05:12 Europe/Berlin] PHP Notice:  Undefined variable: reponse in /var/www/html/workspace/postgras/connexionjson.php on line 9
[04-Nov-2018 17:05:12 Europe/Berlin] PHP Notice:  Undefined variable: dbh in /var/www/html/workspace/postgras/connexionjson.php on line 25
[04-Nov-2018 17:05:12 Europe/Berlin] PHP Fatal error:  Call to a member function prepare() on null in /var/www/html/workspace/postgras/connexionjson.php on line 25
[04-Nov-2018 17:05:12 Europe/Berlin] PHP Notice:  Undefined variable: reponse in /var/www/html/workspace/postgras/connexionjson.php on line 9
[04-Nov-2018 17:05:12 Europe/Berlin] PHP Notice:  Undefined variable: dbh in /var/www/html/workspace/postgras/connexionjson.php on line 25
[04-Nov-2018 17:05:12 Europe/Berlin] PHP Fatal error:  Call to a member function prepare() on null in /var/www/html/workspace/postgras/connexionjson.php on line 25
[04-Nov-2018 17:06:54 Europe/Berlin] PHP Notice:  Undefined variable: reponse in /var/www/html/workspace/postgras/connexionjson.php on line 9
[04-Nov-2018 17:06:54 Europe/Berlin] PHP Notice:  Undefined variable: nombre_de_resultat in /var/www/html/workspace/postgras/connexionjson.php on line 32
[04-Nov-2018 17:06:54 Europe/Berlin] PHP Notice:  Undefined variable: dbconn in /var/www/html/workspace/postgras/connexionjson.php on line 40
[04-Nov-2018 17:06:54 Europe/Berlin] PHP Warning:  pg_close() expects parameter 1 to be resource, null given in /var/www/html/workspace/postgras/connexionjson.php on line 40
[04-Nov-2018 17:07:00 Europe/Berlin] PHP Notice:  Undefined variable: reponse in /var/www/html/workspace/postgras/connexionjson.php on line 9
[04-Nov-2018 17:07:00 Europe/Berlin] PHP Notice:  Undefined variable: nombre_de_resultat in /var/www/html/workspace/postgras/connexionjson.php on line 32
[04-Nov-2018 17:07:00 Europe/Berlin] PHP Notice:  Undefined variable: dbconn in /var/www/html/workspace/postgras/connexionjson.php on line 40
[04-Nov-2018 17:07:00 Europe/Berlin] PHP Warning:  pg_close() expects parameter 1 to be resource, null given in /var/www/html/workspace/postgras/connexionjson.php on line 40
[04-Nov-2018 17:10:05 Europe/Berlin] PHP Notice:  Undefined variable: reponse in /var/www/html/workspace/postgras/connexionjson.php on line 9
[04-Nov-2018 17:10:05 Europe/Berlin] PHP Notice:  Undefined variable: nombre_de_resultat in /var/www/html/workspace/postgras/connexionjson.php on line 33
[04-Nov-2018 17:10:05 Europe/Berlin] PHP Notice:  Undefined variable: dbconn in /var/www/html/workspace/postgras/connexionjson.php on line 41
[04-Nov-2018 17:10:05 Europe/Berlin] PHP Warning:  pg_close() expects parameter 1 to be resource, null given in /var/www/html/workspace/postgras/connexionjson.php on line 41
[04-Nov-2018 17:10:11 Europe/Berlin] PHP Notice:  Undefined variable: reponse in /var/www/html/workspace/postgras/connexionjson.php on line 9
[04-Nov-2018 17:10:11 Europe/Berlin] PHP Notice:  Undefined variable: nombre_de_resultat in /var/www/html/workspace/postgras/connexionjson.php on line 33
[04-Nov-2018 17:10:11 Europe/Berlin] PHP Notice:  Undefined variable: dbconn in /var/www/html/workspace/postgras/connexionjson.php on line 41
[04-Nov-2018 17:10:11 Europe/Berlin] PHP Warning:  pg_close() expects parameter 1 to be resource, null given in /var/www/html/workspace/postgras/connexionjson.php on line 41
[04-Nov-2018 17:10:13 Europe/Berlin] PHP Notice:  Undefined variable: reponse in /var/www/html/workspace/postgras/connexionjson.php on line 9
[04-Nov-2018 17:10:13 Europe/Berlin] PHP Notice:  Undefined variable: nombre_de_resultat in /var/www/html/workspace/postgras/connexionjson.php on line 33
[04-Nov-2018 17:10:13 Europe/Berlin] PHP Notice:  Undefined variable: dbconn in /var/www/html/workspace/postgras/connexionjson.php on line 41
[04-Nov-2018 17:10:13 Europe/Berlin] PHP Warning:  pg_close() expects parameter 1 to be resource, null given in /var/www/html/workspace/postgras/connexionjson.php on line 41
[04-Nov-2018 17:10:14 Europe/Berlin] PHP Notice:  Undefined variable: reponse in /var/www/html/workspace/postgras/connexionjson.php on line 9
[04-Nov-2018 17:10:14 Europe/Berlin] PHP Notice:  Undefined variable: nombre_de_resultat in /var/www/html/workspace/postgras/connexionjson.php on line 33
[04-Nov-2018 17:10:14 Europe/Berlin] PHP Notice:  Undefined variable: dbconn in /var/www/html/workspace/postgras/connexionjson.php on line 41
[04-Nov-2018 17:10:14 Europe/Berlin] PHP Warning:  pg_close() expects parameter 1 to be resource, null given in /var/www/html/workspace/postgras/connexionjson.php on line 41
[04-Nov-2018 17:10:17 Europe/Berlin] PHP Notice:  Undefined variable: reponse in /var/www/html/workspace/postgras/connexionjson.php on line 9
[04-Nov-2018 17:10:17 Europe/Berlin] PHP Notice:  Undefined variable: nombre_de_resultat in /var/www/html/workspace/postgras/connexionjson.php on line 33
[04-Nov-2018 17:10:17 Europe/Berlin] PHP Notice:  Undefined variable: dbconn in /var/www/html/workspace/postgras/connexionjson.php on line 41
[04-Nov-2018 17:10:17 Europe/Berlin] PHP Warning:  pg_close() expects parameter 1 to be resource, null given in /var/www/html/workspace/postgras/connexionjson.php on line 41
[04-Nov-2018 17:11:15 Europe/Berlin] PHP Notice:  Undefined variable: reponse in /var/www/html/workspace/postgras/connexionjson.php on line 9
[04-Nov-2018 17:11:15 Europe/Berlin] PHP Notice:  Undefined variable: nombre_de_resultat in /var/www/html/workspace/postgras/connexionjson.php on line 34
[04-Nov-2018 17:11:15 Europe/Berlin] PHP Notice:  Undefined variable: dbconn in /var/www/html/workspace/postgras/connexionjson.php on line 42
[04-Nov-2018 17:11:15 Europe/Berlin] PHP Warning:  pg_close() expects parameter 1 to be resource, null given in /var/www/html/workspace/postgras/connexionjson.php on line 42
[04-Nov-2018 17:13:40 Europe/Berlin] PHP Notice:  Undefined variable: reponse in /var/www/html/workspace/postgras/connexionjson.php on line 9
[04-Nov-2018 17:13:40 Europe/Berlin] PHP Notice:  Undefined variable: nombre_de_resultat in /var/www/html/workspace/postgras/connexionjson.php on line 34
[04-Nov-2018 17:13:40 Europe/Berlin] PHP Notice:  Undefined variable: dbconn in /var/www/html/workspace/postgras/connexionjson.php on line 42
[04-Nov-2018 17:13:40 Europe/Berlin] PHP Warning:  pg_close() expects parameter 1 to be resource, null given in /var/www/html/workspace/postgras/connexionjson.php on line 42
[04-Nov-2018 17:18:44 Europe/Berlin] PHP Parse error:  syntax error, unexpected '[' in /var/www/html/workspace/postgras/connexionjson.php on line 26
[04-Nov-2018 17:18:58 Europe/Berlin] PHP Notice:  Undefined variable: reponse in /var/www/html/workspace/postgras/connexionjson.php on line 9
[04-Nov-2018 17:18:58 Europe/Berlin] PHP Notice:  Undefined variable: dbconn in /var/www/html/workspace/postgras/connexionjson.php on line 36
[04-Nov-2018 17:18:58 Europe/Berlin] PHP Warning:  pg_close() expects parameter 1 to be resource, null given in /var/www/html/workspace/postgras/connexionjson.php on line 36
[04-Nov-2018 17:20:49 Europe/Berlin] PHP Notice:  Undefined variable: reponse in /var/www/html/workspace/postgras/connexionjson.php on line 9
[04-Nov-2018 17:20:49 Europe/Berlin] PHP Notice:  Undefined variable: dbconn in /var/www/html/workspace/postgras/connexionjson.php on line 37
[04-Nov-2018 17:20:49 Europe/Berlin] PHP Warning:  pg_close() expects parameter 1 to be resource, null given in /var/www/html/workspace/postgras/connexionjson.php on line 37
[04-Nov-2018 17:20:55 Europe/Berlin] PHP Notice:  Undefined variable: reponse in /var/www/html/workspace/postgras/connexionjson.php on line 9
[04-Nov-2018 17:20:55 Europe/Berlin] PHP Notice:  Undefined variable: dbconn in /var/www/html/workspace/postgras/connexionjson.php on line 37
[04-Nov-2018 17:20:55 Europe/Berlin] PHP Warning:  pg_close() expects parameter 1 to be resource, null given in /var/www/html/workspace/postgras/connexionjson.php on line 37
[04-Nov-2018 17:21:44 Europe/Berlin] PHP Notice:  Undefined variable: reponse in /var/www/html/workspace/postgras/connexionjson.php on line 9
[04-Nov-2018 17:21:44 Europe/Berlin] PHP Notice:  Array to string conversion in /var/www/html/workspace/postgras/connexionjson.php on line 29
[04-Nov-2018 17:21:44 Europe/Berlin] PHP Notice:  Undefined variable: dbconn in /var/www/html/workspace/postgras/connexionjson.php on line 39
[04-Nov-2018 17:21:44 Europe/Berlin] PHP Warning:  pg_close() expects parameter 1 to be resource, null given in /var/www/html/workspace/postgras/connexionjson.php on line 39
[04-Nov-2018 17:21:55 Europe/Berlin] PHP Notice:  Undefined variable: reponse in /var/www/html/workspace/postgras/connexionjson.php on line 9
[04-Nov-2018 17:21:55 Europe/Berlin] PHP Notice:  Array to string conversion in /var/www/html/workspace/postgras/connexionjson.php on line 29
[04-Nov-2018 17:21:55 Europe/Berlin] PHP Notice:  Undefined variable: dbconn in /var/www/html/workspace/postgras/connexionjson.php on line 39
[04-Nov-2018 17:21:55 Europe/Berlin] PHP Warning:  pg_close() expects parameter 1 to be resource, null given in /var/www/html/workspace/postgras/connexionjson.php on line 39
[04-Nov-2018 17:22:44 Europe/Berlin] PHP Notice:  Undefined variable: reponse in /var/www/html/workspace/postgras/connexionjson.php on line 9
[04-Nov-2018 17:22:44 Europe/Berlin] PHP Notice:  Array to string conversion in /var/www/html/workspace/postgras/connexionjson.php on line 29
[04-Nov-2018 17:22:44 Europe/Berlin] PHP Notice:  Undefined variable: dbconn in /var/www/html/workspace/postgras/connexionjson.php on line 39
[04-Nov-2018 17:22:44 Europe/Berlin] PHP Warning:  pg_close() expects parameter 1 to be resource, null given in /var/www/html/workspace/postgras/connexionjson.php on line 39
[04-Nov-2018 17:22:45 Europe/Berlin] PHP Notice:  Undefined variable: reponse in /var/www/html/workspace/postgras/connexionjson.php on line 9
[04-Nov-2018 17:22:45 Europe/Berlin] PHP Notice:  Array to string conversion in /var/www/html/workspace/postgras/connexionjson.php on line 29
[04-Nov-2018 17:22:45 Europe/Berlin] PHP Notice:  Undefined variable: dbconn in /var/www/html/workspace/postgras/connexionjson.php on line 39
[04-Nov-2018 17:22:45 Europe/Berlin] PHP Warning:  pg_close() expects parameter 1 to be resource, null given in /var/www/html/workspace/postgras/connexionjson.php on line 39
[04-Nov-2018 17:22:49 Europe/Berlin] PHP Notice:  Undefined variable: reponse in /var/www/html/workspace/postgras/connexionjson.php on line 9
[04-Nov-2018 17:22:49 Europe/Berlin] PHP Notice:  Array to string conversion in /var/www/html/workspace/postgras/connexionjson.php on line 29
[04-Nov-2018 17:22:49 Europe/Berlin] PHP Notice:  Undefined variable: dbconn in /var/www/html/workspace/postgras/connexionjson.php on line 39
[04-Nov-2018 17:22:49 Europe/Berlin] PHP Warning:  pg_close() expects parameter 1 to be resource, null given in /var/www/html/workspace/postgras/connexionjson.php on line 39
[04-Nov-2018 17:22:54 Europe/Berlin] PHP Notice:  Undefined variable: reponse in /var/www/html/workspace/postgras/connexionjson.php on line 9
[04-Nov-2018 17:22:54 Europe/Berlin] PHP Notice:  Array to string conversion in /var/www/html/workspace/postgras/connexionjson.php on line 29
[04-Nov-2018 17:22:54 Europe/Berlin] PHP Notice:  Undefined variable: dbconn in /var/www/html/workspace/postgras/connexionjson.php on line 39
[04-Nov-2018 17:22:54 Europe/Berlin] PHP Warning:  pg_close() expects parameter 1 to be resource, null given in /var/www/html/workspace/postgras/connexionjson.php on line 39
[04-Nov-2018 17:23:21 Europe/Berlin] PHP Notice:  Undefined variable: reponse in /var/www/html/workspace/postgras/connexionjson.php on line 9
[04-Nov-2018 17:23:21 Europe/Berlin] PHP Notice:  Undefined variable: dbconn in /var/www/html/workspace/postgras/connexionjson.php on line 39
[04-Nov-2018 17:23:21 Europe/Berlin] PHP Warning:  pg_close() expects parameter 1 to be resource, null given in /var/www/html/workspace/postgras/connexionjson.php on line 39
[04-Nov-2018 17:23:47 Europe/Berlin] PHP Notice:  Undefined variable: reponse in /var/www/html/workspace/postgras/connexionjson.php on line 9
[04-Nov-2018 17:23:47 Europe/Berlin] PHP Notice:  Undefined variable: dbconn in /var/www/html/workspace/postgras/connexionjson.php on line 39
[04-Nov-2018 17:23:47 Europe/Berlin] PHP Warning:  pg_close() expects parameter 1 to be resource, null given in /var/www/html/workspace/postgras/connexionjson.php on line 39
[04-Nov-2018 17:25:50 Europe/Berlin] PHP Notice:  Undefined variable: reponse in /var/www/html/workspace/postgras/connexionjson.php on line 9
[04-Nov-2018 17:25:50 Europe/Berlin] PHP Notice:  Array to string conversion in /var/www/html/workspace/postgras/connexionjson.php on line 29
[04-Nov-2018 17:25:50 Europe/Berlin] PHP Notice:  Undefined variable: dbconn in /var/www/html/workspace/postgras/connexionjson.php on line 39
[04-Nov-2018 17:25:50 Europe/Berlin] PHP Warning:  pg_close() expects parameter 1 to be resource, null given in /var/www/html/workspace/postgras/connexionjson.php on line 39
[04-Nov-2018 17:26:06 Europe/Berlin] PHP Notice:  Undefined variable: reponse in /var/www/html/workspace/postgras/connexionjson.php on line 9
[04-Nov-2018 17:26:06 Europe/Berlin] PHP Notice:  Undefined variable: dbconn in /var/www/html/workspace/postgras/connexionjson.php on line 39
[04-Nov-2018 17:26:06 Europe/Berlin] PHP Warning:  pg_close() expects parameter 1 to be resource, null given in /var/www/html/workspace/postgras/connexionjson.php on line 39
[04-Nov-2018 17:27:30 Europe/Berlin] PHP Notice:  Undefined variable: reponse in /var/www/html/workspace/postgras/connexionjson.php on line 9
[04-Nov-2018 17:27:30 Europe/Berlin] PHP Notice:  Undefined variable: dbconn in /var/www/html/workspace/postgras/connexionjson.php on line 38
[04-Nov-2018 17:27:30 Europe/Berlin] PHP Warning:  pg_close() expects parameter 1 to be resource, null given in /var/www/html/workspace/postgras/connexionjson.php on line 38
[04-Nov-2018 17:27:36 Europe/Berlin] PHP Notice:  Undefined variable: reponse in /var/www/html/workspace/postgras/connexionjson.php on line 9
[04-Nov-2018 17:27:36 Europe/Berlin] PHP Notice:  Undefined variable: dbconn in /var/www/html/workspace/postgras/connexionjson.php on line 38
[04-Nov-2018 17:27:36 Europe/Berlin] PHP Warning:  pg_close() expects parameter 1 to be resource, null given in /var/www/html/workspace/postgras/connexionjson.php on line 38
[04-Nov-2018 17:28:48 Europe/Berlin] PHP Notice:  Undefined variable: reponse in /var/www/html/workspace/postgras/connexionjson.php on line 9
[04-Nov-2018 17:28:48 Europe/Berlin] PHP Notice:  Undefined variable: dbconn in /var/www/html/workspace/postgras/connexionjson.php on line 38
[04-Nov-2018 17:28:48 Europe/Berlin] PHP Warning:  pg_close() expects parameter 1 to be resource, null given in /var/www/html/workspace/postgras/connexionjson.php on line 38
[04-Nov-2018 17:35:02 Europe/Berlin] PHP Notice:  Undefined variable: mail in /var/www/html/workspace/postgras/inscriptionjson.php on line 35
[04-Nov-2018 17:35:02 Europe/Berlin] PHP Notice:  Undefined variable: nombre_de_resultat2 in /var/www/html/workspace/postgras/inscriptionjson.php on line 41
[04-Nov-2018 17:51:18 Europe/Berlin] PHP Notice:  Undefined variable: nombre_de_resultat2 in /var/www/html/workspace/postgras/inscriptionjson.php on line 41
[04-Nov-2018 17:57:38 Europe/Berlin] PHP Notice:  Undefined variable: nombre_de_resultat2 in /var/www/html/workspace/postgras/inscriptionjson.php on line 41
[04-Nov-2018 18:46:54 Europe/Berlin] PHP Notice:  Undefined variable: reponse in /var/www/html/workspace/postgras/ajoutdevoir.php on line 6
[04-Nov-2018 18:46:54 Europe/Berlin] PHP Notice:  Undefined index: classe in /var/www/html/workspace/postgras/ajoutdevoir.php on line 7
[04-Nov-2018 18:46:54 Europe/Berlin] PHP Notice:  Undefined variable: reponse in /var/www/html/workspace/postgras/ajoutdevoir.php on line 9
[04-Nov-2018 18:50:00 Europe/Berlin] PHP Notice:  Undefined variable: reponse in /var/www/html/workspace/postgras/ajoutdevoir.php on line 7
[04-Nov-2018 18:50:00 Europe/Berlin] PHP Notice:  Undefined index: classe in /var/www/html/workspace/postgras/ajoutdevoir.php on line 8
[04-Nov-2018 18:50:00 Europe/Berlin] PHP Notice:  Undefined variable: reponse in /var/www/html/workspace/postgras/ajoutdevoir.php on line 10
[04-Nov-2018 18:51:50 Europe/Berlin] PHP Notice:  Undefined variable: reponse in /var/www/html/workspace/postgras/ajoutdevoir.php on line 7
[04-Nov-2018 18:51:50 Europe/Berlin] PHP Notice:  Undefined variable: reponse in /var/www/html/workspace/postgras/ajoutdevoir.php on line 10
[04-Nov-2018 18:52:37 Europe/Berlin] PHP Notice:  Undefined variable: reponse in /var/www/html/workspace/postgras/ajoutdevoir.php on line 7
[04-Nov-2018 18:52:37 Europe/Berlin] PHP Notice:  Undefined variable: reponse in /var/www/html/workspace/postgras/ajoutdevoir.php on line 10
[04-Nov-2018 18:56:13 Europe/Berlin] PHP Notice:  Undefined variable: reponse in /var/www/html/workspace/postgras/ajoutdevoir.php on line 7
[04-Nov-2018 18:56:13 Europe/Berlin] PHP Notice:  Undefined variable: reponse in /var/www/html/workspace/postgras/ajoutdevoir.php on line 10
[04-Nov-2018 19:16:02 Europe/Berlin] PHP Notice:  Undefined variable: reponse in /var/www/html/workspace/postgras/ajoutdevoir.php on line 7
[04-Nov-2018 19:16:02 Europe/Berlin] PHP Notice:  Undefined variable: reponse in /var/www/html/workspace/postgras/ajoutdevoir.php on line 10
[04-Nov-2018 19:16:31 Europe/Berlin] PHP Notice:  Undefined variable: reponse in /var/www/html/workspace/postgras/ajoutdevoir.php on line 7
[04-Nov-2018 19:16:31 Europe/Berlin] PHP Notice:  Undefined variable: reponse in /var/www/html/workspace/postgras/ajoutdevoir.php on line 10
[04-Nov-2018 19:17:31 Europe/Berlin] PHP Notice:  Undefined variable: reponse in /var/www/html/workspace/postgras/ajoutdevoir.php on line 7
[04-Nov-2018 19:17:31 Europe/Berlin] PHP Notice:  Undefined variable: reponse in /var/www/html/workspace/postgras/ajoutdevoir.php on line 10
[04-Nov-2018 19:17:43 Europe/Berlin] PHP Notice:  Undefined variable: reponse in /var/www/html/workspace/postgras/ajoutdevoir.php on line 7
[04-Nov-2018 19:17:43 Europe/Berlin] PHP Notice:  Undefined variable: reponse in /var/www/html/workspace/postgras/ajoutdevoir.php on line 10
[04-Nov-2018 19:19:01 Europe/Berlin] PHP Notice:  Undefined variable: reponse in /var/www/html/workspace/postgras/ajoutdevoir.php on line 7
[04-Nov-2018 19:19:01 Europe/Berlin] PHP Notice:  Undefined variable: reponse in /var/www/html/workspace/postgras/ajoutdevoir.php on line 10
[04-Nov-2018 19:19:53 Europe/Berlin] PHP Notice:  Undefined variable: reponse in /var/www/html/workspace/postgras/ajoutdevoir.php on line 7
[04-Nov-2018 19:19:53 Europe/Berlin] PHP Notice:  Undefined variable: reponse in /var/www/html/workspace/postgras/ajoutdevoir.php on line 10
[04-Nov-2018 19:19:56 Europe/Berlin] PHP Notice:  Undefined variable: reponse in /var/www/html/workspace/postgras/ajoutdevoir.php on line 7
[04-Nov-2018 19:19:56 Europe/Berlin] PHP Notice:  Undefined variable: reponse in /var/www/html/workspace/postgras/ajoutdevoir.php on line 10
[04-Nov-2018 19:20:24 Europe/Berlin] PHP Notice:  Undefined variable: reponse in /var/www/html/workspace/postgras/ajoutdevoir.php on line 7
[04-Nov-2018 19:20:24 Europe/Berlin] PHP Notice:  Undefined variable: reponse in /var/www/html/workspace/postgras/ajoutdevoir.php on line 10
[04-Nov-2018 19:20:36 Europe/Berlin] PHP Notice:  Undefined variable: reponse in /var/www/html/workspace/postgras/ajoutdevoir.php on line 7
[04-Nov-2018 19:20:36 Europe/Berlin] PHP Notice:  Undefined variable: reponse in /var/www/html/workspace/postgras/ajoutdevoir.php on line 10
[04-Nov-2018 19:21:28 Europe/Berlin] PHP Notice:  Undefined variable: reponse in /var/www/html/workspace/postgras/ajoutdevoir.php on line 7
[04-Nov-2018 19:21:28 Europe/Berlin] PHP Notice:  Undefined variable: reponse in /var/www/html/workspace/postgras/ajoutdevoir.php on line 10
[04-Nov-2018 19:21:28 Europe/Berlin] PHP Notice:  Undefined variable: reponse in /var/www/html/workspace/postgras/ajoutdevoir.php on line 12
[04-Nov-2018 19:22:19 Europe/Berlin] PHP Notice:  Undefined variable: reponse in /var/www/html/workspace/postgras/ajoutdevoir.php on line 7
[04-Nov-2018 19:22:19 Europe/Berlin] PHP Notice:  Undefined variable: reponse in /var/www/html/workspace/postgras/ajoutdevoir.php on line 10
[04-Nov-2018 19:22:20 Europe/Berlin] PHP Notice:  Undefined variable: reponse in /var/www/html/workspace/postgras/ajoutdevoir.php on line 7
[04-Nov-2018 19:22:20 Europe/Berlin] PHP Notice:  Undefined variable: reponse in /var/www/html/workspace/postgras/ajoutdevoir.php on line 10
[04-Nov-2018 19:22:44 Europe/Berlin] PHP Notice:  Undefined variable: reponse in /var/www/html/workspace/postgras/ajoutdevoir.php on line 7
[04-Nov-2018 19:22:44 Europe/Berlin] PHP Notice:  Undefined variable: reponse in /var/www/html/workspace/postgras/ajoutdevoir.php on line 10
[04-Nov-2018 19:22:52 Europe/Berlin] PHP Notice:  Undefined variable: reponse in /var/www/html/workspace/postgras/ajoutdevoir.php on line 7
[04-Nov-2018 19:22:52 Europe/Berlin] PHP Notice:  Undefined variable: reponse in /var/www/html/workspace/postgras/ajoutdevoir.php on line 10
[04-Nov-2018 19:27:19 Europe/Berlin] PHP Notice:  Undefined variable: reponse in /var/www/html/workspace/postgras/ajoutdevoir.php on line 7
[04-Nov-2018 19:27:19 Europe/Berlin] PHP Notice:  Undefined variable: reponse in /var/www/html/workspace/postgras/ajoutdevoir.php on line 10
[04-Nov-2018 19:27:22 Europe/Berlin] PHP Notice:  Undefined variable: reponse in /var/www/html/workspace/postgras/ajoutdevoir.php on line 7
[04-Nov-2018 19:27:22 Europe/Berlin] PHP Notice:  Undefined variable: reponse in /var/www/html/workspace/postgras/ajoutdevoir.php on line 10
[04-Nov-2018 19:27:41 Europe/Berlin] PHP Parse error:  syntax error, unexpected '' (T_ENCAPSED_AND_WHITESPACE), expecting identifier (T_STRING) or variable (T_VARIABLE) or number (T_NUM_STRING) in /var/www/html/workspace/postgras/ajoutdevoir.php on line 12
[04-Nov-2018 19:27:46 Europe/Berlin] PHP Parse error:  syntax error, unexpected '' (T_ENCAPSED_AND_WHITESPACE), expecting identifier (T_STRING) or variable (T_VARIABLE) or number (T_NUM_STRING) in /var/www/html/workspace/postgras/ajoutdevoir.php on line 12
[04-Nov-2018 19:28:01 Europe/Berlin] PHP Notice:  Undefined variable: reponse in /var/www/html/workspace/postgras/ajoutdevoir.php on line 7
[04-Nov-2018 19:28:01 Europe/Berlin] PHP Notice:  Undefined variable: reponse in /var/www/html/workspace/postgras/ajoutdevoir.php on line 10
[04-Nov-2018 19:28:01 Europe/Berlin] PHP Notice:  Undefined variable: reponse in /var/www/html/workspace/postgras/ajoutdevoir.php on line 12
[04-Nov-2018 19:29:14 Europe/Berlin] PHP Notice:  Undefined variable: reponse in /var/www/html/workspace/postgras/ajoutdevoir.php on line 7
[04-Nov-2018 19:29:14 Europe/Berlin] PHP Notice:  Undefined variable: reponse in /var/www/html/workspace/postgras/ajoutdevoir.php on line 10
[04-Nov-2018 19:29:54 Europe/Berlin] PHP Notice:  Undefined variable: reponse in /var/www/html/workspace/postgras/ajoutdevoir.php on line 7
[04-Nov-2018 19:29:54 Europe/Berlin] PHP Notice:  Undefined variable: reponse in /var/www/html/workspace/postgras/ajoutdevoir.php on line 10
[04-Nov-2018 19:31:56 Europe/Berlin] PHP Notice:  Undefined variable: reponse in /var/www/html/workspace/postgras/ajoutdevoir.php on line 10
[04-Nov-2018 19:33:46 Europe/Berlin] PHP Notice:  Undefined variable: reponse in /var/www/html/workspace/postgras/ajoutdevoir.php on line 10
[04-Nov-2018 19:34:37 Europe/Berlin] PHP Notice:  Undefined variable: reponse in /var/www/html/workspace/postgras/ajoutdevoir.php on line 10
[04-Nov-2018 19:36:15 Europe/Berlin] PHP Notice:  Undefined variable: reponse in /var/www/html/workspace/postgras/ajoutdevoir.php on line 10
[04-Nov-2018 19:37:13 Europe/Berlin] PHP Notice:  Undefined variable: reponse in /var/www/html/workspace/postgras/ajoutdevoir.php on line 10
[04-Nov-2018 19:37:19 Europe/Berlin] PHP Notice:  Undefined variable: reponse in /var/www/html/workspace/postgras/ajoutdevoir.php on line 10
[04-Nov-2018 19:37:35 Europe/Berlin] PHP Notice:  Undefined variable: reponse in /var/www/html/workspace/postgras/ajoutdevoir.php on line 10
[04-Nov-2018 20:06:24 Europe/Berlin] PHP Fatal error:  Cannot use [] for reading in /var/www/html/workspace/postgras/devoirindex.php on line 24
[04-Nov-2018 20:14:16 Europe/Berlin] PHP Notice:  Undefined index: matiere in /var/www/html/workspace/postgras/devoirindex.php on line 24
[04-Nov-2018 20:14:22 Europe/Berlin] PHP Notice:  Undefined index: matiere in /var/www/html/workspace/postgras/devoirindex.php on line 24
[04-Nov-2018 21:01:10 Europe/Berlin] PHP Notice:  Undefined variable: devoir in /var/www/html/workspace/postgras/devoirindex.php on line 31
[04-Nov-2018 21:01:10 Europe/Berlin] PHP Notice:  Undefined variable: devoir in /var/www/html/workspace/postgras/devoirindex.php on line 31
[04-Nov-2018 21:01:13 Europe/Berlin] PHP Notice:  Undefined variable: devoir in /var/www/html/workspace/postgras/devoirindex.php on line 31
[04-Nov-2018 21:01:13 Europe/Berlin] PHP Notice:  Undefined variable: devoir in /var/www/html/workspace/postgras/devoirindex.php on line 31
[04-Nov-2018 21:06:30 Europe/Berlin] PHP Notice:  Undefined variable: devoir in /var/www/html/workspace/postgras/devoirindex.php on line 31
[04-Nov-2018 21:06:30 Europe/Berlin] PHP Notice:  Undefined variable: devoir in /var/www/html/workspace/postgras/devoirindex.php on line 31
[04-Nov-2018 21:06:32 Europe/Berlin] PHP Notice:  Undefined variable: devoir in /var/www/html/workspace/postgras/devoirindex.php on line 31
[04-Nov-2018 21:06:32 Europe/Berlin] PHP Notice:  Undefined variable: devoir in /var/www/html/workspace/postgras/devoirindex.php on line 31
[04-Nov-2018 21:33:11 Europe/Berlin] PHP Notice:  Undefined variable: reponse in /var/www/html/workspace/postgras/connexionjson.php on line 10
[04-Nov-2018 21:33:11 Europe/Berlin] PHP Notice:  Undefined variable: dbconn in /var/www/html/workspace/postgras/connexionjson.php on line 39
[04-Nov-2018 21:33:11 Europe/Berlin] PHP Warning:  pg_close() expects parameter 1 to be resource, null given in /var/www/html/workspace/postgras/connexionjson.php on line 39
[04-Nov-2018 21:40:59 Europe/Berlin] PHP Notice:  Undefined variable: reponse in /var/www/html/workspace/postgras/connexionjson.php on line 10
[04-Nov-2018 21:40:59 Europe/Berlin] PHP Notice:  Undefined variable: dbconn in /var/www/html/workspace/postgras/connexionjson.php on line 39
[04-Nov-2018 21:40:59 Europe/Berlin] PHP Warning:  pg_close() expects parameter 1 to be resource, null given in /var/www/html/workspace/postgras/connexionjson.php on line 39
[04-Nov-2018 21:41:05 Europe/Berlin] PHP Notice:  Undefined variable: reponse in /var/www/html/workspace/postgras/connexionjson.php on line 10
[04-Nov-2018 21:41:05 Europe/Berlin] PHP Notice:  Undefined variable: dbconn in /var/www/html/workspace/postgras/connexionjson.php on line 39
[04-Nov-2018 21:41:05 Europe/Berlin] PHP Warning:  pg_close() expects parameter 1 to be resource, null given in /var/www/html/workspace/postgras/connexionjson.php on line 39
[04-Nov-2018 21:41:10 Europe/Berlin] PHP Notice:  Undefined variable: reponse in /var/www/html/workspace/postgras/connexionjson.php on line 10
[04-Nov-2018 21:41:10 Europe/Berlin] PHP Notice:  Undefined variable: dbconn in /var/www/html/workspace/postgras/connexionjson.php on line 39
[04-Nov-2018 21:41:10 Europe/Berlin] PHP Warning:  pg_close() expects parameter 1 to be resource, null given in /var/www/html/workspace/postgras/connexionjson.php on line 39
[04-Nov-2018 21:42:54 Europe/Berlin] PHP Notice:  Undefined variable: reponse in /var/www/html/workspace/postgras/connexionjson.php on line 11
[04-Nov-2018 21:42:54 Europe/Berlin] PHP Notice:  Undefined variable: dbconn in /var/www/html/workspace/postgras/connexionjson.php on line 40
[04-Nov-2018 21:42:54 Europe/Berlin] PHP Warning:  pg_close() expects parameter 1 to be resource, null given in /var/www/html/workspace/postgras/connexionjson.php on line 40
[04-Nov-2018 21:43:14 Europe/Berlin] PHP Notice:  Undefined variable: dbconn in /var/www/html/workspace/postgras/connexionjson.php on line 40
[04-Nov-2018 21:43:14 Europe/Berlin] PHP Warning:  pg_close() expects parameter 1 to be resource, null given in /var/www/html/workspace/postgras/connexionjson.php on line 40
[04-Nov-2018 21:43:28 Europe/Berlin] PHP Notice:  Undefined variable: dbconn in /var/www/html/workspace/postgras/connexionjson.php on line 40
[04-Nov-2018 21:43:28 Europe/Berlin] PHP Warning:  pg_close() expects parameter 1 to be resource, null given in /var/www/html/workspace/postgras/connexionjson.php on line 40
[04-Nov-2018 21:45:26 Europe/Berlin] PHP Notice:  Undefined variable: dbconn in /var/www/html/workspace/postgras/connexionjson.php on line 39
[04-Nov-2018 21:45:26 Europe/Berlin] PHP Warning:  pg_close() expects parameter 1 to be resource, null given in /var/www/html/workspace/postgras/connexionjson.php on line 39
[04-Nov-2018 21:45:32 Europe/Berlin] PHP Notice:  Undefined variable: dbconn in /var/www/html/workspace/postgras/connexionjson.php on line 39
[04-Nov-2018 21:45:32 Europe/Berlin] PHP Warning:  pg_close() expects parameter 1 to be resource, null given in /var/www/html/workspace/postgras/connexionjson.php on line 39
[04-Nov-2018 21:47:04 Europe/Berlin] PHP Notice:  Undefined variable: dbconn in /var/www/html/workspace/postgras/connexionjson.php on line 39
[04-Nov-2018 21:47:04 Europe/Berlin] PHP Warning:  pg_close() expects parameter 1 to be resource, null given in /var/www/html/workspace/postgras/connexionjson.php on line 39
[04-Nov-2018 21:47:09 Europe/Berlin] PHP Notice:  Undefined variable: dbconn in /var/www/html/workspace/postgras/connexionjson.php on line 39
[04-Nov-2018 21:47:09 Europe/Berlin] PHP Warning:  pg_close() expects parameter 1 to be resource, null given in /var/www/html/workspace/postgras/connexionjson.php on line 39
[04-Nov-2018 22:07:13 Europe/Berlin] PHP Notice:  Undefined offset: 0 in /var/www/html/workspace/postgras/devoirindex.php on line 23
[04-Nov-2018 22:07:13 Europe/Berlin] PHP Notice:  Undefined offset: 1 in /var/www/html/workspace/postgras/devoirindex.php on line 24
[04-Nov-2018 22:08:34 Europe/Berlin] PHP Notice:  Undefined offset: 1 in /var/www/html/workspace/postgras/devoirindex.php on line 24
[04-Nov-2018 22:08:41 Europe/Berlin] PHP Notice:  Undefined offset: 0 in /var/www/html/workspace/postgras/devoirindex.php on line 23
[04-Nov-2018 22:08:41 Europe/Berlin] PHP Notice:  Undefined offset: 1 in /var/www/html/workspace/postgras/devoirindex.php on line 24
[04-Nov-2018 22:08:46 Europe/Berlin] PHP Notice:  Undefined offset: 1 in /var/www/html/workspace/postgras/devoirindex.php on line 24
[04-Nov-2018 22:09:08 Europe/Berlin] PHP Notice:  Undefined offset: 1 in /var/www/html/workspace/postgras/devoirindex.php on line 24
[04-Nov-2018 22:10:31 Europe/Berlin] PHP Notice:  Undefined offset: 0 in /var/www/html/workspace/postgras/devoirindex.php on line 23
[04-Nov-2018 22:10:31 Europe/Berlin] PHP Notice:  Undefined offset: 1 in /var/www/html/workspace/postgras/devoirindex.php on line 24
[04-Nov-2018 22:24:50 Europe/Berlin] PHP Notice:  Undefined offset: 1 in /var/www/html/workspace/postgras/devoirindex.php on line 25
[04-Nov-2018 22:28:54 Europe/Berlin] PHP Notice:  Undefined offset: 1 in /var/www/html/workspace/postgras/devoirindex.php on line 25
[04-Nov-2018 22:29:09 Europe/Berlin] PHP Notice:  Undefined offset: 0 in /var/www/html/workspace/postgras/devoirindex.php on line 24
[04-Nov-2018 22:29:09 Europe/Berlin] PHP Notice:  Undefined offset: 1 in /var/www/html/workspace/postgras/devoirindex.php on line 25
[04-Nov-2018 22:29:10 Europe/Berlin] PHP Notice:  Undefined offset: 0 in /var/www/html/workspace/postgras/devoirindex.php on line 24
[04-Nov-2018 22:29:10 Europe/Berlin] PHP Notice:  Undefined offset: 1 in /var/www/html/workspace/postgras/devoirindex.php on line 25
[04-Nov-2018 22:29:18 Europe/Berlin] PHP Notice:  Undefined offset: 1 in /var/www/html/workspace/postgras/devoirindex.php on line 25
[04-Nov-2018 22:34:37 Europe/Berlin] PHP Notice:  Undefined offset: 1 in /var/www/html/workspace/postgras/devoirindex.php on line 25
[04-Nov-2018 22:35:37 Europe/Berlin] PHP Notice:  Undefined offset: 1 in /var/www/html/workspace/postgras/devoirindex.php on line 25
[04-Nov-2018 22:41:36 Europe/Berlin] PHP Notice:  Undefined offset: 1 in /var/www/html/workspace/postgras/devoirindex.php on line 25
[05-Nov-2018 15:04:15 Europe/Berlin] PHP Notice:  Undefined variable: dbconn in /var/www/html/workspace/postgras/connexionjson.php on line 40
[05-Nov-2018 15:04:15 Europe/Berlin] PHP Warning:  pg_close() expects parameter 1 to be resource, null given in /var/www/html/workspace/postgras/connexionjson.php on line 40
[05-Nov-2018 15:05:26 Europe/Berlin] PHP Notice:  Undefined variable: dbconn in /var/www/html/workspace/postgras/connexionjson.php on line 40
[05-Nov-2018 15:05:26 Europe/Berlin] PHP Warning:  pg_close() expects parameter 1 to be resource, null given in /var/www/html/workspace/postgras/connexionjson.php on line 40
[05-Nov-2018 15:05:29 Europe/Berlin] PHP Notice:  Undefined variable: dbconn in /var/www/html/workspace/postgras/connexionjson.php on line 40
[05-Nov-2018 15:05:29 Europe/Berlin] PHP Warning:  pg_close() expects parameter 1 to be resource, null given in /var/www/html/workspace/postgras/connexionjson.php on line 40
[05-Nov-2018 15:07:28 Europe/Berlin] PHP Notice:  Undefined variable: dbconn in /var/www/html/workspace/postgras/connexionjson.php on line 40
[05-Nov-2018 15:07:28 Europe/Berlin] PHP Warning:  pg_close() expects parameter 1 to be resource, null given in /var/www/html/workspace/postgras/connexionjson.php on line 40
[05-Nov-2018 15:17:46 Europe/Berlin] PHP Notice:  Undefined variable: dbconn in /var/www/html/workspace/postgras/connexionjson.php on line 40
[05-Nov-2018 15:17:46 Europe/Berlin] PHP Warning:  pg_close() expects parameter 1 to be resource, null given in /var/www/html/workspace/postgras/connexionjson.php on line 40
[05-Nov-2018 15:17:52 Europe/Berlin] PHP Notice:  Undefined variable: dbconn in /var/www/html/workspace/postgras/connexionjson.php on line 40
[05-Nov-2018 15:17:52 Europe/Berlin] PHP Warning:  pg_close() expects parameter 1 to be resource, null given in /var/www/html/workspace/postgras/connexionjson.php on line 40
[05-Nov-2018 15:21:57 Europe/Berlin] PHP Notice:  Undefined variable: dbconn in /var/www/html/workspace/postgras/connexionjson.php on line 40
[05-Nov-2018 15:21:57 Europe/Berlin] PHP Warning:  pg_close() expects parameter 1 to be resource, null given in /var/www/html/workspace/postgras/connexionjson.php on line 40
[05-Nov-2018 15:22:00 Europe/Berlin] PHP Notice:  Undefined variable: dbconn in /var/www/html/workspace/postgras/connexionjson.php on line 40
[05-Nov-2018 15:22:00 Europe/Berlin] PHP Warning:  pg_close() expects parameter 1 to be resource, null given in /var/www/html/workspace/postgras/connexionjson.php on line 40
[05-Nov-2018 15:26:23 Europe/Berlin] PHP Notice:  Undefined variable: nombre_de_resultat2 in /var/www/html/workspace/postgras/inscriptionjson.php on line 42
[05-Nov-2018 15:26:36 Europe/Berlin] PHP Notice:  Undefined variable: nombre_de_resultat2 in /var/www/html/workspace/postgras/inscriptionjson.php on line 42
[05-Nov-2018 15:39:07 Europe/Berlin] PHP Notice:  Undefined offset: 1 in /var/www/html/workspace/postgras/devoirindex.php on line 25
[05-Nov-2018 15:39:08 Europe/Berlin] PHP Notice:  Undefined offset: 1 in /var/www/html/workspace/postgras/devoirindex.php on line 25
[05-Nov-2018 15:52:27 Europe/Berlin] PHP Notice:  Undefined offset: 1 in /var/www/html/workspace/postgras/devoirindex.php on line 25
[05-Nov-2018 15:53:29 Europe/Berlin] PHP Notice:  Undefined offset: 1 in /var/www/html/workspace/postgras/devoirindex.php on line 25
[05-Nov-2018 16:00:18 Europe/Berlin] PHP Notice:  Undefined offset: 1 in /var/www/html/workspace/postgras/devoirindex.php on line 25
[05-Nov-2018 16:15:13 Europe/Berlin] PHP Notice:  Undefined offset: 1 in /var/www/html/workspace/postgras/devoirindex.php on line 25
[05-Nov-2018 16:15:17 Europe/Berlin] PHP Notice:  Undefined offset: 1 in /var/www/html/workspace/postgras/devoirindex.php on line 25
[05-Nov-2018 16:24:11 Europe/Berlin] PHP Notice:  Undefined offset: 1 in /var/www/html/workspace/postgras/devoirindex.php on line 25
[05-Nov-2018 16:26:29 Europe/Berlin] PHP Notice:  Undefined offset: 1 in /var/www/html/workspace/postgras/devoirindex.php on line 25
[05-Nov-2018 16:26:37 Europe/Berlin] PHP Notice:  Undefined offset: 1 in /var/www/html/workspace/postgras/devoirindex.php on line 25
[05-Nov-2018 16:33:25 Europe/Berlin] PHP Notice:  Undefined offset: 1 in /var/www/html/workspace/postgras/devoirindex.php on line 25
[05-Nov-2018 16:50:58 Europe/Berlin] PHP Notice:  Undefined offset: 1 in /var/www/html/workspace/postgras/devoirindex.php on line 25
[05-Nov-2018 16:51:02 Europe/Berlin] PHP Notice:  Undefined offset: 1 in /var/www/html/workspace/postgras/devoirindex.php on line 25
[05-Nov-2018 16:52:54 Europe/Berlin] PHP Notice:  Undefined variable: dbconn in /var/www/html/workspace/postgras/connexionjson.php on line 40
[05-Nov-2018 16:52:54 Europe/Berlin] PHP Warning:  pg_close() expects parameter 1 to be resource, null given in /var/www/html/workspace/postgras/connexionjson.php on line 40
[05-Nov-2018 16:57:05 Europe/Berlin] PHP Notice:  Use of undefined constant response - assumed 'response' in /var/www/html/workspace/postgras/suppressiondevoir.php on line 6
[05-Nov-2018 16:57:05 Europe/Berlin] PHP Warning:  Illegal string offset 'id' in /var/www/html/workspace/postgras/suppressiondevoir.php on line 6
[05-Nov-2018 16:57:05 Europe/Berlin] PHP Notice:  Undefined variable: iddel in /var/www/html/workspace/postgras/suppressiondevoir.php on line 21
[05-Nov-2018 16:57:57 Europe/Berlin] PHP Notice:  Use of undefined constant response - assumed 'response' in /var/www/html/workspace/postgras/suppressiondevoir.php on line 6
[05-Nov-2018 16:57:57 Europe/Berlin] PHP Warning:  Illegal string offset 'id' in /var/www/html/workspace/postgras/suppressiondevoir.php on line 6
[05-Nov-2018 16:57:57 Europe/Berlin] PHP Notice:  Undefined variable: iddel in /var/www/html/workspace/postgras/suppressiondevoir.php on line 21
[05-Nov-2018 16:58:20 Europe/Berlin] PHP Notice:  Use of undefined constant response - assumed 'response' in /var/www/html/workspace/postgras/suppressiondevoir.php on line 6
[05-Nov-2018 16:58:20 Europe/Berlin] PHP Warning:  Illegal string offset 'id' in /var/www/html/workspace/postgras/suppressiondevoir.php on line 6
[05-Nov-2018 17:00:29 Europe/Berlin] PHP Notice:  Use of undefined constant response - assumed 'response' in /var/www/html/workspace/postgras/suppressiondevoir.php on line 6
[05-Nov-2018 17:00:29 Europe/Berlin] PHP Warning:  Illegal string offset 'id' in /var/www/html/workspace/postgras/suppressiondevoir.php on line 6
[05-Nov-2018 17:00:58 Europe/Berlin] PHP Notice:  Undefined offset: 0 in /var/www/html/workspace/postgras/devoirindex.php on line 24
[05-Nov-2018 17:00:58 Europe/Berlin] PHP Notice:  Undefined offset: 1 in /var/www/html/workspace/postgras/devoirindex.php on line 25
[05-Nov-2018 17:01:09 Europe/Berlin] PHP Notice:  Undefined offset: 1 in /var/www/html/workspace/postgras/devoirindex.php on line 25
[05-Nov-2018 17:01:32 Europe/Berlin] PHP Notice:  Use of undefined constant response - assumed 'response' in /var/www/html/workspace/postgras/suppressiondevoir.php on line 6
[05-Nov-2018 17:01:32 Europe/Berlin] PHP Warning:  Illegal string offset 'id' in /var/www/html/workspace/postgras/suppressiondevoir.php on line 6
[05-Nov-2018 17:02:05 Europe/Berlin] PHP Parse error:  syntax error, unexpected '$idDel' (T_VARIABLE) in /var/www/html/workspace/postgras/suppressiondevoir.php on line 7
[05-Nov-2018 17:09:41 Europe/Berlin] PHP Notice:  Undefined offset: 0 in /var/www/html/workspace/postgras/devoirindex.php on line 24
[05-Nov-2018 17:09:41 Europe/Berlin] PHP Notice:  Undefined offset: 1 in /var/www/html/workspace/postgras/devoirindex.php on line 25
[05-Nov-2018 17:09:51 Europe/Berlin] PHP Notice:  Undefined offset: 1 in /var/www/html/workspace/postgras/devoirindex.php on line 25
[05-Nov-2018 17:09:59 Europe/Berlin] PHP Notice:  Undefined offset: 0 in /var/www/html/workspace/postgras/devoirindex.php on line 24
[05-Nov-2018 17:09:59 Europe/Berlin] PHP Notice:  Undefined offset: 1 in /var/www/html/workspace/postgras/devoirindex.php on line 25
[05-Nov-2018 17:11:13 Europe/Berlin] PHP Notice:  Undefined offset: 0 in /var/www/html/workspace/postgras/devoirindex.php on line 24
[05-Nov-2018 17:11:13 Europe/Berlin] PHP Notice:  Undefined offset: 1 in /var/www/html/workspace/postgras/devoirindex.php on line 25
[05-Nov-2018 17:12:25 Europe/Berlin] PHP Notice:  Undefined variable: dbconn in /var/www/html/workspace/postgras/connexionjson.php on line 40
[05-Nov-2018 17:12:25 Europe/Berlin] PHP Warning:  pg_close() expects parameter 1 to be resource, null given in /var/www/html/workspace/postgras/connexionjson.php on line 40
[05-Nov-2018 17:12:28 Europe/Berlin] PHP Notice:  Undefined variable: dbconn in /var/www/html/workspace/postgras/connexionjson.php on line 40
[05-Nov-2018 17:12:28 Europe/Berlin] PHP Warning:  pg_close() expects parameter 1 to be resource, null given in /var/www/html/workspace/postgras/connexionjson.php on line 40
[05-Nov-2018 17:16:53 Europe/Berlin] PHP Notice:  Undefined offset: 1 in /var/www/html/workspace/postgras/devoirindex.php on line 25
[05-Nov-2018 17:19:03 Europe/Berlin] PHP Notice:  Undefined variable: nombre_de_resultat2 in /var/www/html/workspace/postgras/inscriptionjson.php on line 41
[05-Nov-2018 17:22:42 Europe/Berlin] PHP Notice:  Undefined variable: dbconn in /var/www/html/workspace/postgras/connexionjson.php on line 40
[05-Nov-2018 17:22:42 Europe/Berlin] PHP Warning:  pg_close() expects parameter 1 to be resource, null given in /var/www/html/workspace/postgras/connexionjson.php on line 40
[05-Nov-2018 17:22:59 Europe/Berlin] PHP Notice:  Undefined variable: nombre_de_resultat2 in /var/www/html/workspace/postgras/inscriptionjson.php on line 41
[05-Nov-2018 17:24:59 Europe/Berlin] PHP Notice:  Undefined variable: nombre_de_resultat2 in /var/www/html/workspace/postgras/inscriptionjson.php on line 42
[05-Nov-2018 17:27:04 Europe/Berlin] PHP Notice:  Undefined variable: nombre_de_resultat2 in /var/www/html/workspace/postgras/inscriptionjson.php on line 42
[05-Nov-2018 17:30:16 Europe/Berlin] PHP Notice:  Undefined variable: nombre_de_resultat2 in /var/www/html/workspace/postgras/inscriptionjson.php on line 40
[05-Nov-2018 17:30:41 Europe/Berlin] PHP Notice:  Undefined variable: nombre_de_resultat2 in /var/www/html/workspace/postgras/inscriptionjson.php on line 40
[05-Nov-2018 17:31:54 Europe/Berlin] PHP Notice:  Undefined offset: 1 in /var/www/html/workspace/postgras/devoirindex.php on line 25
[05-Nov-2018 17:32:18 Europe/Berlin] PHP Notice:  Undefined offset: 1 in /var/www/html/workspace/postgras/devoirindex.php on line 25
[05-Nov-2018 17:32:24 Europe/Berlin] PHP Notice:  Undefined variable: dbconn in /var/www/html/workspace/postgras/connexionjson.php on line 40
[05-Nov-2018 17:32:24 Europe/Berlin] PHP Warning:  pg_close() expects parameter 1 to be resource, null given in /var/www/html/workspace/postgras/connexionjson.php on line 40
[05-Nov-2018 17:32:27 Europe/Berlin] PHP Notice:  Undefined variable: dbconn in /var/www/html/workspace/postgras/connexionjson.php on line 40
[05-Nov-2018 17:32:27 Europe/Berlin] PHP Warning:  pg_close() expects parameter 1 to be resource, null given in /var/www/html/workspace/postgras/connexionjson.php on line 40
[05-Nov-2018 17:32:34 Europe/Berlin] PHP Notice:  Undefined variable: nombre_de_resultat2 in /var/www/html/workspace/postgras/inscriptionjson.php on line 40
[05-Nov-2018 17:34:18 Europe/Berlin] PHP Notice:  Undefined offset: 1 in /var/www/html/workspace/postgras/devoirindex.php on line 25
[05-Nov-2018 17:34:42 Europe/Berlin] PHP Notice:  Undefined offset: 1 in /var/www/html/workspace/postgras/devoirindex.php on line 25
[05-Nov-2018 17:35:01 Europe/Berlin] PHP Notice:  Undefined offset: 1 in /var/www/html/workspace/postgras/devoirindex.php on line 25
[05-Nov-2018 17:43:42 Europe/Berlin] PHP Notice:  Undefined offset: 1 in /var/www/html/workspace/postgras/devoirindex.php on line 25
[05-Nov-2018 17:44:29 Europe/Berlin] PHP Notice:  Undefined offset: 1 in /var/www/html/workspace/postgras/devoirindex.php on line 25
[05-Nov-2018 17:44:47 Europe/Berlin] PHP Notice:  Undefined variable: dbconn in /var/www/html/workspace/postgras/connexionjson.php on line 40
[05-Nov-2018 17:44:47 Europe/Berlin] PHP Warning:  pg_close() expects parameter 1 to be resource, null given in /var/www/html/workspace/postgras/connexionjson.php on line 40
[05-Nov-2018 17:44:52 Europe/Berlin] PHP Notice:  Undefined variable: dbconn in /var/www/html/workspace/postgras/connexionjson.php on line 40
[05-Nov-2018 17:44:52 Europe/Berlin] PHP Warning:  pg_close() expects parameter 1 to be resource, null given in /var/www/html/workspace/postgras/connexionjson.php on line 40
[05-Nov-2018 17:45:23 Europe/Berlin] PHP Notice:  Undefined variable: nombre_de_resultat2 in /var/www/html/workspace/postgras/inscriptionjson.php on line 40
[05-Nov-2018 17:45:50 Europe/Berlin] PHP Notice:  Undefined variable: dbconn in /var/www/html/workspace/postgras/connexionjson.php on line 40
[05-Nov-2018 17:45:50 Europe/Berlin] PHP Warning:  pg_close() expects parameter 1 to be resource, null given in /var/www/html/workspace/postgras/connexionjson.php on line 40
[05-Nov-2018 20:32:27 Europe/Berlin] PHP Notice:  Undefined offset: 1 in /var/www/html/workspace/postgras/devoirindex.php on line 25
[06-Nov-2018 19:50:05 Europe/Berlin] PHP Notice:  Undefined offset: 1 in /var/www/html/workspace/postgras/devoirindex.php on line 25
[08-Nov-2018 15:38:48 Europe/Berlin] PHP Notice:  Undefined offset: 1 in /var/www/html/workspace/postgras/devoirindex.php on line 25
[08-Nov-2018 15:39:00 Europe/Berlin] PHP Notice:  Undefined offset: 1 in /var/www/html/workspace/postgras/devoirindex.php on line 25
[08-Nov-2018 15:39:29 Europe/Berlin] PHP Notice:  Undefined offset: 1 in /var/www/html/workspace/postgras/devoirindex.php on line 25
[08-Nov-2018 15:39:30 Europe/Berlin] PHP Notice:  Undefined offset: 1 in /var/www/html/workspace/postgras/devoirindex.php on line 25
[08-Nov-2018 15:40:29 Europe/Berlin] PHP Notice:  Undefined variable: dbconn in /var/www/html/workspace/postgras/connexionjson.php on line 40
[08-Nov-2018 15:40:29 Europe/Berlin] PHP Warning:  pg_close() expects parameter 1 to be resource, null given in /var/www/html/workspace/postgras/connexionjson.php on line 40
[08-Nov-2018 15:40:50 Europe/Berlin] PHP Notice:  Undefined offset: 1 in /var/www/html/workspace/postgras/devoirindex.php on line 25
[08-Nov-2018 15:47:03 Europe/Berlin] PHP Notice:  Undefined offset: 1 in /var/www/html/workspace/postgras/devoirindex.php on line 25
